<?xml version="1.0" encoding="UTF-8"?>
<!-- Generated by org.testng.reporters.JUnitReportReporter -->
<testsuite hostname="DESKTOP-BD50LHC" failures="0" tests="8" name="dataprovider.Testcase01" time="0.034" errors="1" timestamp="2022-02-18T20:04:09 IST" skipped="1">
  <testcase classname="dataprovider.Testcase01" name="testcase3" time="0.007"/>
  <system-out/>
  <testcase classname="dataprovider.Testcase01" name="testcase3" time="0.009"/>
  <system-out/>
  <testcase classname="dataprovider.Testcase01" name="testcase3" time="0.002"/>
  <system-out/>
  <testcase classname="dataprovider.Testcase01" name="testcase3" time="0.008"/>
  <system-out/>
  <testcase classname="dataprovider.Testcase01" name="testcase3" time="0.005"/>
  <system-out/>
  <testcase classname="dataprovider.Testcase01" name="testcase4" time="0.003"/>
  <system-out/>
  <testcase classname="dataprovider.Testcase01" name="testcase2" time="0.000">
    <error message="
Parameter &#039;name&#039; is required by @Test on method testcase2 but has not been marked @Optional or defined
in C:\developmentAveto\workspace\seleniumINtro1\src\test\java\dataprovider\testng.xml" type="org.testng.TestNGException">
      <![CDATA[org.testng.TestNGException: 
Parameter 'name' is required by @Test on method testcase2 but has not been marked @Optional or defined
in C:\developmentAveto\workspace\seleniumINtro1\src\test\java\dataprovider\testng.xml
at org.testng.internal.Parameters.createParams(Parameters.java:270)
at org.testng.internal.Parameters.createParametersForMethod(Parameters.java:358)
at org.testng.internal.Parameters.createParameters(Parameters.java:700)
at org.testng.internal.Parameters.handleParameters(Parameters.java:884)
at org.testng.internal.Parameters.handleParameters(Parameters.java:740)
at org.testng.internal.ParameterHandler.handleParameters(ParameterHandler.java:59)
at org.testng.internal.ParameterHandler.createParameters(ParameterHandler.java:38)
at org.testng.internal.TestInvoker$MethodInvocationAgent.invoke(TestInvoker.java:791)
at org.testng.internal.TestInvoker.invokeTestMethods(TestInvoker.java:146)
at org.testng.internal.TestMethodWorker.invokeTestMethods(TestMethodWorker.java:146)
at org.testng.internal.TestMethodWorker.run(TestMethodWorker.java:128)
at java.base/java.util.concurrent.ThreadPoolExecutor.runWorker(ThreadPoolExecutor.java:1136)
at java.base/java.util.concurrent.ThreadPoolExecutor$Worker.run(ThreadPoolExecutor.java:635)
at java.base/java.lang.Thread.run(Thread.java:833)
]]>
    </error>
  </testcase> <!-- testcase2 -->
  <system-out/>
  <testcase classname="dataprovider.Testcase01" name="testcase1">
    <skipped/>
  </testcase> <!-- testcase1 -->
  <system-out/>
</testsuite> <!-- dataprovider.Testcase01 -->
